\BOOKMARK [0][-]{chapter.1}{\376\377\0001\000\040\000C\000l\000a\000s\000s\000\040\000I\000n\000d\000e\000x}{}% 1
\BOOKMARK [1][-]{section.1.1}{\376\377\0001\000.\0001\000\040\000C\000l\000a\000s\000s\000\040\000L\000i\000s\000t}{chapter.1}% 2
\BOOKMARK [0][-]{chapter.2}{\376\377\0002\000\040\000F\000i\000l\000e\000\040\000I\000n\000d\000e\000x}{}% 3
\BOOKMARK [1][-]{section.2.1}{\376\377\0002\000.\0001\000\040\000F\000i\000l\000e\000\040\000L\000i\000s\000t}{chapter.2}% 4
\BOOKMARK [0][-]{chapter.3}{\376\377\0003\000\040\000C\000l\000a\000s\000s\000\040\000D\000o\000c\000u\000m\000e\000n\000t\000a\000t\000i\000o\000n}{}% 5
\BOOKMARK [1][-]{section.3.1}{\376\377\0003\000.\0001\000\040\000M\000o\000t\000o\000r\000\040\000S\000t\000r\000u\000c\000t\000\040\000R\000e\000f\000e\000r\000e\000n\000c\000e}{chapter.3}% 6
\BOOKMARK [2][-]{subsection.3.1.1}{\376\377\0003\000.\0001\000.\0001\000\040\000M\000e\000m\000b\000e\000r\000\040\000D\000a\000t\000a\000\040\000D\000o\000c\000u\000m\000e\000n\000t\000a\000t\000i\000o\000n}{section.3.1}% 7
\BOOKMARK [3][-]{subsubsection.3.1.1.1}{\376\377\0003\000.\0001\000.\0001\000.\0001\000\040\000p\000i\000n\0001}{subsection.3.1.1}% 8
\BOOKMARK [3][-]{subsubsection.3.1.1.2}{\376\377\0003\000.\0001\000.\0001\000.\0002\000\040\000p\000i\000n\0002}{subsection.3.1.1}% 9
\BOOKMARK [3][-]{subsubsection.3.1.1.3}{\376\377\0003\000.\0001\000.\0001\000.\0003\000\040\000s\000e\000n\000s\000o\000r\0001}{subsection.3.1.1}% 10
\BOOKMARK [3][-]{subsubsection.3.1.1.4}{\376\377\0003\000.\0001\000.\0001\000.\0004\000\040\000s\000e\000n\000s\000o\000r\0002}{subsection.3.1.1}% 11
\BOOKMARK [3][-]{subsubsection.3.1.1.5}{\376\377\0003\000.\0001\000.\0001\000.\0005\000\040\000s\000p\000e\000e\000d}{subsection.3.1.1}% 12
\BOOKMARK [1][-]{section.3.2}{\376\377\0003\000.\0002\000\040\000S\000t\000e\000p\000p\000e\000r\000\040\000S\000t\000r\000u\000c\000t\000\040\000R\000e\000f\000e\000r\000e\000n\000c\000e}{chapter.3}% 13
\BOOKMARK [2][-]{subsection.3.2.1}{\376\377\0003\000.\0002\000.\0001\000\040\000M\000e\000m\000b\000e\000r\000\040\000D\000a\000t\000a\000\040\000D\000o\000c\000u\000m\000e\000n\000t\000a\000t\000i\000o\000n}{section.3.2}% 14
\BOOKMARK [3][-]{subsubsection.3.2.1.1}{\376\377\0003\000.\0002\000.\0001\000.\0001\000\040\000p\000i\000n\0001}{subsection.3.2.1}% 15
\BOOKMARK [3][-]{subsubsection.3.2.1.2}{\376\377\0003\000.\0002\000.\0001\000.\0002\000\040\000p\000i\000n\0002}{subsection.3.2.1}% 16
\BOOKMARK [3][-]{subsubsection.3.2.1.3}{\376\377\0003\000.\0002\000.\0001\000.\0003\000\040\000s\000e\000n\000s\000o\000r\0001}{subsection.3.2.1}% 17
\BOOKMARK [3][-]{subsubsection.3.2.1.4}{\376\377\0003\000.\0002\000.\0001\000.\0004\000\040\000s\000e\000n\000s\000o\000r\0002}{subsection.3.2.1}% 18
\BOOKMARK [3][-]{subsubsection.3.2.1.5}{\376\377\0003\000.\0002\000.\0001\000.\0005\000\040\000s\000p\000e\000e\000d}{subsection.3.2.1}% 19
\BOOKMARK [0][-]{chapter.4}{\376\377\0004\000\040\000F\000i\000l\000e\000\040\000D\000o\000c\000u\000m\000e\000n\000t\000a\000t\000i\000o\000n}{}% 20
\BOOKMARK [1][-]{section.4.1}{\376\377\0004\000.\0001\000\040\000m\000o\000t\000o\000r\000/\000m\000a\000i\000n\000.\000c\000\040\000F\000i\000l\000e\000\040\000R\000e\000f\000e\000r\000e\000n\000c\000e}{chapter.4}% 21
\BOOKMARK [1][-]{section.4.2}{\376\377\0004\000.\0002\000\040\000s\000t\000e\000p\000p\000e\000r\000/\000m\000a\000i\000n\000.\000c\000\040\000F\000i\000l\000e\000\040\000R\000e\000f\000e\000r\000e\000n\000c\000e}{chapter.4}% 22
\BOOKMARK [2][-]{subsection.4.2.1}{\376\377\0004\000.\0002\000.\0001\000\040\000F\000u\000n\000c\000t\000i\000o\000n\000\040\000D\000o\000c\000u\000m\000e\000n\000t\000a\000t\000i\000o\000n}{section.4.2}% 23
\BOOKMARK [3][-]{subsubsection.4.2.1.1}{\376\377\0004\000.\0002\000.\0001\000.\0001\000\040\000m\000a\000i\000n\000\050\000i\000n\000t\000\040\000a\000r\000g\000c\000,\000\040\000c\000h\000a\000r\000\040\000*\000*\000a\000r\000g\000v\000\051}{subsection.4.2.1}% 24
\BOOKMARK [1][-]{section.4.3}{\376\377\0004\000.\0003\000\040\000m\000o\000t\000o\000r\000/\000m\000o\000t\000o\000r\000.\000c\000\040\000F\000i\000l\000e\000\040\000R\000e\000f\000e\000r\000e\000n\000c\000e}{chapter.4}% 25
\BOOKMARK [2][-]{subsection.4.3.1}{\376\377\0004\000.\0003\000.\0001\000\040\000F\000u\000n\000c\000t\000i\000o\000n\000\040\000D\000o\000c\000u\000m\000e\000n\000t\000a\000t\000i\000o\000n}{section.4.3}% 26
\BOOKMARK [3][-]{subsubsection.4.3.1.1}{\376\377\0004\000.\0003\000.\0001\000.\0001\000\040\000m\000o\000t\000o\000r\000i\000n\000i\000t\000\050\000i\000n\000t\000\040\000p\000i\000n\0001\000,\000\040\000i\000n\000t\000\040\000p\000i\000n\0002\000,\000\040\000i\000n\000t\000\040\000s\000e\000n\000s\0001\000,\000\040\000i\000n\000t\000\040\000s\000e\000n\000s\0002\000\051}{subsection.4.3.1}% 27
\BOOKMARK [3][-]{subsubsection.4.3.1.2}{\376\377\0004\000.\0003\000.\0001\000.\0002\000\040\000m\000o\000t\000o\000r\000r\000u\000n\000s\000t\000o\000p\000\050\000M\000o\000t\000o\000r\000\040\000m\000,\000\040\000i\000n\000t\000\040\000d\000i\000r\000e\000c\000t\000i\000o\000n\000\051}{subsection.4.3.1}% 28
\BOOKMARK [3][-]{subsubsection.4.3.1.3}{\376\377\0004\000.\0003\000.\0001\000.\0003\000\040\000m\000o\000t\000o\000r\000r\000u\000n\000t\000i\000m\000e\000\050\000M\000o\000t\000o\000r\000\040\000m\000,\000\040\000i\000n\000t\000\040\000d\000i\000r\000e\000c\000t\000i\000o\000n\000,\000\040\000i\000n\000t\000\040\000m\000s\000\051}{subsection.4.3.1}% 29
\BOOKMARK [1][-]{section.4.4}{\376\377\0004\000.\0004\000\040\000m\000o\000t\000o\000r\000/\000m\000o\000t\000o\000r\000.\000h\000\040\000F\000i\000l\000e\000\040\000R\000e\000f\000e\000r\000e\000n\000c\000e}{chapter.4}% 30
\BOOKMARK [2][-]{subsection.4.4.1}{\376\377\0004\000.\0004\000.\0001\000\040\000D\000e\000t\000a\000i\000l\000e\000d\000\040\000D\000e\000s\000c\000r\000i\000p\000t\000i\000o\000n}{section.4.4}% 31
\BOOKMARK [2][-]{subsection.4.4.2}{\376\377\0004\000.\0004\000.\0002\000\040\000M\000a\000c\000r\000o\000\040\000D\000e\000f\000i\000n\000i\000t\000i\000o\000n\000\040\000D\000o\000c\000u\000m\000e\000n\000t\000a\000t\000i\000o\000n}{section.4.4}% 32
\BOOKMARK [3][-]{subsubsection.4.4.2.1}{\376\377\0004\000.\0004\000.\0002\000.\0001\000\040\000B\000A\000C\000K\000W\000A\000R\000D\000S}{subsection.4.4.2}% 33
\BOOKMARK [3][-]{subsubsection.4.4.2.2}{\376\377\0004\000.\0004\000.\0002\000.\0002\000\040\000F\000O\000R\000W\000A\000R\000D}{subsection.4.4.2}% 34
\BOOKMARK [3][-]{subsubsection.4.4.2.3}{\376\377\0004\000.\0004\000.\0002\000.\0003\000\040\000S\000A\000M\000P\000L\000E\000D\000E\000L\000A\000Y}{subsection.4.4.2}% 35
\BOOKMARK [2][-]{subsection.4.4.3}{\376\377\0004\000.\0004\000.\0003\000\040\000T\000y\000p\000e\000d\000e\000f\000\040\000D\000o\000c\000u\000m\000e\000n\000t\000a\000t\000i\000o\000n}{section.4.4}% 36
\BOOKMARK [3][-]{subsubsection.4.4.3.1}{\376\377\0004\000.\0004\000.\0003\000.\0001\000\040\000M\000o\000t\000o\000r}{subsection.4.4.3}% 37
\BOOKMARK [2][-]{subsection.4.4.4}{\376\377\0004\000.\0004\000.\0004\000\040\000F\000u\000n\000c\000t\000i\000o\000n\000\040\000D\000o\000c\000u\000m\000e\000n\000t\000a\000t\000i\000o\000n}{section.4.4}% 38
\BOOKMARK [3][-]{subsubsection.4.4.4.1}{\376\377\0004\000.\0004\000.\0004\000.\0001\000\040\000m\000o\000t\000o\000r\000i\000n\000i\000t\000\050\000i\000n\000t\000\040\000p\000i\000n\0001\000,\000\040\000i\000n\000t\000\040\000p\000i\000n\0002\000,\000\040\000i\000n\000t\000\040\000s\000e\000n\000s\0001\000,\000\040\000i\000n\000t\000\040\000s\000e\000n\000s\0002\000\051}{subsection.4.4.4}% 39
\BOOKMARK [3][-]{subsubsection.4.4.4.2}{\376\377\0004\000.\0004\000.\0004\000.\0002\000\040\000m\000o\000t\000o\000r\000r\000u\000n\000s\000t\000o\000p\000\050\000M\000o\000t\000o\000r\000\040\000m\000,\000\040\000i\000n\000t\000\040\000d\000i\000r\000e\000c\000t\000i\000o\000n\000\051}{subsection.4.4.4}% 40
\BOOKMARK [3][-]{subsubsection.4.4.4.3}{\376\377\0004\000.\0004\000.\0004\000.\0003\000\040\000m\000o\000t\000o\000r\000r\000u\000n\000t\000i\000m\000e\000\050\000M\000o\000t\000o\000r\000\040\000m\000,\000\040\000i\000n\000t\000\040\000d\000i\000r\000e\000c\000t\000i\000o\000n\000,\000\040\000i\000n\000t\000\040\000m\000s\000\051}{subsection.4.4.4}% 41
\BOOKMARK [3][-]{subsubsection.4.4.4.4}{\376\377\0004\000.\0004\000.\0004\000.\0004\000\040\000m\000o\000t\000o\000r\000s\000e\000t\000s\000p\000e\000e\000d\000\050\000M\000o\000t\000o\000r\000\040\000*\000m\000,\000\040\000i\000n\000t\000\040\000s\000p\000e\000e\000d\000\051}{subsection.4.4.4}% 42
\BOOKMARK [1][-]{section.4.5}{\376\377\0004\000.\0005\000\040\000s\000t\000e\000p\000p\000e\000r\000/\000s\000t\000e\000p\000p\000e\000r\000.\000c\000\040\000F\000i\000l\000e\000\040\000R\000e\000f\000e\000r\000e\000n\000c\000e}{chapter.4}% 43
\BOOKMARK [2][-]{subsection.4.5.1}{\376\377\0004\000.\0005\000.\0001\000\040\000F\000u\000n\000c\000t\000i\000o\000n\000\040\000D\000o\000c\000u\000m\000e\000n\000t\000a\000t\000i\000o\000n}{section.4.5}% 44
\BOOKMARK [3][-]{subsubsection.4.5.1.1}{\376\377\0004\000.\0005\000.\0001\000.\0001\000\040\000s\000e\000t\000s\000p\000e\000e\000d\000\050\000S\000t\000e\000p\000p\000e\000r\000\040\000*\000s\000,\000\040\000i\000n\000t\000\040\000s\000p\000e\000e\000d\000\051}{subsection.4.5.1}% 45
\BOOKMARK [3][-]{subsubsection.4.5.1.2}{\376\377\0004\000.\0005\000.\0001\000.\0002\000\040\000s\000t\000e\000p\000\050\000S\000t\000e\000p\000p\000e\000r\000\040\000s\000,\000\040\000i\000n\000t\000\040\000s\000t\000e\000p\000s\000\051}{subsection.4.5.1}% 46
\BOOKMARK [3][-]{subsubsection.4.5.1.3}{\376\377\0004\000.\0005\000.\0001\000.\0003\000\040\000s\000t\000e\000p\000p\000e\000r\000i\000n\000i\000t\000\050\000i\000n\000t\000\040\000p\000i\000n\0001\000,\000\040\000i\000n\000t\000\040\000p\000i\000n\0002\000,\000\040\000i\000n\000t\000\040\000s\000e\000n\000s\0001\000,\000\040\000i\000n\000t\000\040\000s\000e\000n\000s\0002\000\051}{subsection.4.5.1}% 47
\BOOKMARK [1][-]{section.4.6}{\376\377\0004\000.\0006\000\040\000s\000t\000e\000p\000p\000e\000r\000/\000s\000t\000e\000p\000p\000e\000r\000.\000h\000\040\000F\000i\000l\000e\000\040\000R\000e\000f\000e\000r\000e\000n\000c\000e}{chapter.4}% 48
\BOOKMARK [2][-]{subsection.4.6.1}{\376\377\0004\000.\0006\000.\0001\000\040\000D\000e\000t\000a\000i\000l\000e\000d\000\040\000D\000e\000s\000c\000r\000i\000p\000t\000i\000o\000n}{section.4.6}% 49
\BOOKMARK [2][-]{subsection.4.6.2}{\376\377\0004\000.\0006\000.\0002\000\040\000T\000y\000p\000e\000d\000e\000f\000\040\000D\000o\000c\000u\000m\000e\000n\000t\000a\000t\000i\000o\000n}{section.4.6}% 50
\BOOKMARK [3][-]{subsubsection.4.6.2.1}{\376\377\0004\000.\0006\000.\0002\000.\0001\000\040\000S\000t\000e\000p\000p\000e\000r}{subsection.4.6.2}% 51
\BOOKMARK [2][-]{subsection.4.6.3}{\376\377\0004\000.\0006\000.\0003\000\040\000F\000u\000n\000c\000t\000i\000o\000n\000\040\000D\000o\000c\000u\000m\000e\000n\000t\000a\000t\000i\000o\000n}{section.4.6}% 52
\BOOKMARK [3][-]{subsubsection.4.6.3.1}{\376\377\0004\000.\0006\000.\0003\000.\0001\000\040\000s\000e\000t\000s\000p\000e\000e\000d\000\050\000S\000t\000e\000p\000p\000e\000r\000\040\000*\000s\000,\000\040\000i\000n\000t\000\040\000s\000p\000e\000e\000d\000\051}{subsection.4.6.3}% 53
\BOOKMARK [3][-]{subsubsection.4.6.3.2}{\376\377\0004\000.\0006\000.\0003\000.\0002\000\040\000s\000t\000e\000p\000\050\000S\000t\000e\000p\000p\000e\000r\000\040\000s\000,\000\040\000i\000n\000t\000\040\000s\000t\000e\000p\000s\000\051}{subsection.4.6.3}% 54
\BOOKMARK [3][-]{subsubsection.4.6.3.3}{\376\377\0004\000.\0006\000.\0003\000.\0003\000\040\000s\000t\000e\000p\000p\000e\000r\000i\000n\000i\000t\000\050\000i\000n\000t\000\040\000p\000i\000n\0001\000,\000\040\000i\000n\000t\000\040\000p\000i\000n\0002\000,\000\040\000i\000n\000t\000\040\000s\000e\000n\000s\0001\000,\000\040\000i\000n\000t\000\040\000s\000e\000n\000s\0002\000\051}{subsection.4.6.3}% 55
\BOOKMARK [0][-]{section*.14}{\376\377\000I\000n\000d\000e\000x}{}% 56
